[debug] [2026-02-21T15:29:49.730Z] ----------------------------------------------------------------------
[debug] [2026-02-21T15:29:49.733Z] Command:       C:\Program Files\nodejs\node.exe C:\Users\Newtek.DZ\AppData\Roaming\npm\node_modules\firebase-tools\lib\bin\firebase.js init
[debug] [2026-02-21T15:29:49.733Z] CLI Version:   15.7.0
[debug] [2026-02-21T15:29:49.733Z] Platform:      win32
[debug] [2026-02-21T15:29:49.733Z] Node Version:  v22.18.0
[debug] [2026-02-21T15:29:49.733Z] Time:          Sat Feb 21 2026 16:29:49 GMT+0100 (Central European Standard Time)
[debug] [2026-02-21T15:29:49.734Z] ----------------------------------------------------------------------
[debug] 
[info] 
     ######## #### ########  ######## ########     ###     ######  ########
     ##        ##  ##     ## ##       ##     ##  ##   ##  ##       ##
     ######    ##  ########  ######   ########  #########  ######  ######
     ##        ##  ##    ##  ##       ##     ## ##     ##       ## ##
     ##       #### ##     ## ######## ########  ##     ##  ######  ########

You're about to initialize a Firebase project in this directory:

  C:\Users\Newtek.DZ\Desktop\project-1-jsx

[info] 
=== Project Setup
[info] 
[info] First, let's associate this project directory with a Firebase project.
[info] You can create multiple project aliases by running firebase use --add, 
[info] 
[debug] [2026-02-21T15:31:59.789Z] > command requires scopes: ["email","openid","https://www.googleapis.com/auth/cloudplatformprojects.readonly","https://www.googleapis.com/auth/firebase","https://www.googleapis.com/auth/cloud-platform"]
[debug] [2026-02-21T15:31:59.789Z] > authorizing via signed-in user (bettachemohamed333@gmail.com)
[debug] [2026-02-21T15:31:59.791Z] Checked if tokens are valid: true, expires at: 1771691346214
[debug] [2026-02-21T15:31:59.791Z] Checked if tokens are valid: true, expires at: 1771691346214
[debug] [2026-02-21T15:31:59.793Z] >>> [apiv2][query] GET https://firebase.googleapis.com/v1beta1/projects pageSize=100
[debug] [2026-02-21T15:32:00.461Z] <<< [apiv2][status] GET https://firebase.googleapis.com/v1beta1/projects 200
[debug] [2026-02-21T15:32:00.461Z] <<< [apiv2][body] GET https://firebase.googleapis.com/v1beta1/projects [omitted]
[info] 
=== Hosting Setup
[debug] [2026-02-21T15:32:47.493Z] Checked if tokens are valid: true, expires at: 1771691346214
[debug] [2026-02-21T15:32:47.493Z] Checked if tokens are valid: true, expires at: 1771691346214
[debug] [2026-02-21T15:32:47.493Z] >>> [apiv2][query] GET https://firebase.googleapis.com/v1beta1/projects/project-1-jsx [none]
[debug] [2026-02-21T15:32:47.873Z] <<< [apiv2][status] GET https://firebase.googleapis.com/v1beta1/projects/project-1-jsx 200
[debug] [2026-02-21T15:32:47.873Z] <<< [apiv2][body] GET https://firebase.googleapis.com/v1beta1/projects/project-1-jsx {"projectId":"project-1-jsx","projectNumber":"345811474760","displayName":"project-1-jsx","name":"projects/project-1-jsx","resources":{"hostingSite":"project-1-jsx"},"state":"ACTIVE","etag":"1_da92742d-b11c-47ea-a8de-1f97d4c0ea1b"}
[info] 
[info] Your public directory is the folder (relative to your project directory) that
[info] will contain Hosting assets to be uploaded with firebase deploy. If you
[info] have a build process for your assets, use your build's output directory.
[info] 
[info] 
[info] i  Detected a .git folder at C:\Users\Newtek.DZ\Desktop\project-1-jsx 
[info] i  Authorizing with GitHub to upload your service account to a GitHub repository's secrets store. 
[info] 
[info] Visit this URL on this device to log in:
[info] https://github.com/login/oauth/authorize?client_id=89cf50f02ac6aaed3484&state=399951099&redirect_uri=http%3A%2F%2Flocalhost%3A9005&scope=read%3Auser%20repo%20public_repo
[info] 
[info] Waiting for authentication...
[debug] [2026-02-21T15:34:37.448Z] >>> [apiv2][query] POST https://github.com/login/oauth/access_token [none]
[debug] [2026-02-21T15:34:37.449Z] >>> [apiv2][body] POST https://github.com/login/oauth/access_token [stream]
[debug] [2026-02-21T15:34:38.532Z] <<< [apiv2][status] POST https://github.com/login/oauth/access_token 200
[debug] [2026-02-21T15:34:38.533Z] <<< [apiv2][body] POST https://github.com/login/oauth/access_token {"access_token":"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","token_type":"bearer","scope":"read:user,repo"}
[debug] [2026-02-21T15:34:38.537Z] >>> [apiv2][query] GET https://api.github.com/user [none]
[debug] [2026-02-21T15:34:38.982Z] <<< [apiv2][status] GET https://api.github.com/user 200
[debug] [2026-02-21T15:34:38.982Z] <<< [apiv2][body] GET https://api.github.com/user {"login":"Modev101","id":219036787,"node_id":"U_kgDODQ48cw","avatar_url":"https://avatars.githubusercontent.com/u/219036787?v=4","gravatar_id":"","url":"https://api.github.com/users/Modev101","html_url":"https://github.com/Modev101","followers_url":"https://api.github.com/users/Modev101/followers","following_url":"https://api.github.com/users/Modev101/following{/other_user}","gists_url":"https://api.github.com/users/Modev101/gists{/gist_id}","starred_url":"https://api.github.com/users/Modev101/starred{/owner}{/repo}","subscriptions_url":"https://api.github.com/users/Modev101/subscriptions","organizations_url":"https://api.github.com/users/Modev101/orgs","repos_url":"https://api.github.com/users/Modev101/repos","events_url":"https://api.github.com/users/Modev101/events{/privacy}","received_events_url":"https://api.github.com/users/Modev101/received_events","type":"User","user_view_type":"private","site_admin":false,"name":null,"company":null,"blog":"","location":null,"email":null,"hireable":null,"bio":null,"twitter_username":null,"notification_email":null,"public_repos":5,"public_gists":0,"followers":0,"following":2,"created_at":"2025-07-02T20:10:04Z","updated_at":"2026-01-09T03:26:15Z","private_gists":0,"total_private_repos":0,"owned_private_repos":0,"disk_usage":34228,"collaborators":0,"two_factor_authentication":false,"plan":{"name":"free","space":976562499,"collaborators":0,"private_repos":10000}}
[info] 
[info] +  Success! Logged into GitHub as Modev101 
[info] 
